Acquiring state lock. This may take a few moments...
[0m[1mmodule.database.mongodbatlas_project_ip_access_list.ec2_instances[0]: Refreshing state... [id=ZW50cnk=:MC4wLjAuMC8w-cHJvamVjdF9pZA==:Njk4MWI2ZTQ1MGY2OTE5OTBlNmExMjky][0m
[0m[1mmodule.database.mongodbatlas_cluster.starttech[0]: Refreshing state... [id=Y2x1c3Rlcl9pZA==:Njk4M2U0N2U3NDdhNGIzMTZiYWVkOWQx-Y2x1c3Rlcl9uYW1l:ZGV2LXN0YXJ0dGVjaC1jbHVzdGVy-cHJvamVjdF9pZA==:Njk4MWI2ZTQ1MGY2OTE5OTBlNmExMjky-cHJvdmlkZXJfbmFtZQ==:VEVOQU5U][0m
[0m[1mmodule.database.mongodbatlas_database_user.starttech_app[0]: Refreshing state... [id=YXV0aF9kYXRhYmFzZV9uYW1l:YWRtaW4=-cHJvamVjdF9pZA==:Njk4MWI2ZTQ1MGY2OTE5OTBlNmExMjky-dXNlcm5hbWU=:c3RhcnR0ZWNoX2FwcA==][0m
[0m[1mmodule.storage.aws_cloudfront_origin_access_identity.frontend: Refreshing state... [id=E2HE8GM04ZJHEU][0m
[0m[1mmodule.networking.data.aws_availability_zones.available: Reading...[0m[0m
[0m[1mmodule.compute.data.aws_ami.amazon_linux_2: Reading...[0m[0m
[0m[1maws_ecr_repository.backend: Refreshing state... [id=dev-starttech-backend][0m
[0m[1mdata.aws_caller_identity.current: Reading...[0m[0m
[0m[1mmodule.monitoring.data.aws_elb_service_account.main: Reading...[0m[0m
[0m[1mmodule.caching.aws_cloudwatch_log_group.redis_engine_log: Refreshing state... [id=/aws/elasticache/dev/redis/engine-log][0m
[0m[1mmodule.monitoring.aws_cloudwatch_log_group.backend: Refreshing state... [id=/aws/ec2/dev/backend][0m
[0m[1mmodule.networking.aws_vpc.main: Refreshing state... [id=vpc-07a08eea9cd0e10cf][0m
[0m[1mmodule.monitoring.data.aws_elb_service_account.main: Read complete after 0s [id=127311923021][0m
[0m[1mmodule.storage.data.aws_caller_identity.current: Reading...[0m[0m
[0m[1mdata.aws_caller_identity.current: Read complete after 0s [id=125168806853][0m
[0m[1mmodule.monitoring.data.aws_caller_identity.current: Reading...[0m[0m
[0m[1mmodule.storage.data.aws_caller_identity.current: Read complete after 0s [id=125168806853][0m
[0m[1mmodule.compute.aws_iam_role.ec2_role: Refreshing state... [id=dev-ec2-role][0m
[0m[1mmodule.monitoring.data.aws_caller_identity.current: Read complete after 0s [id=125168806853][0m
[0m[1mmodule.storage.data.aws_dynamodb_table.terraform_locks: Reading...[0m[0m
[0m[1mmodule.iam.aws_iam_openid_connect_provider.github: Refreshing state... [id=arn:aws:iam::125168806853:oidc-provider/token.actions.githubusercontent.com][0m
[0m[1mmodule.networking.data.aws_availability_zones.available: Read complete after 3s [id=us-east-1][0m
[0m[1mmodule.monitoring.aws_cloudwatch_log_group.alb: Refreshing state... [id=/aws/alb/dev][0m
[0m[1mmodule.monitoring.aws_sns_topic.alarms: Refreshing state... [id=arn:aws:sns:us-east-1:125168806853:dev-starttech-alarms][0m
[0m[1mmodule.caching.aws_elasticache_parameter_group.redis: Refreshing state... [id=dev-redis-params][0m
[0m[1mmodule.caching.aws_cloudwatch_log_group.redis_slow_log: Refreshing state... [id=/aws/elasticache/dev/redis/slow-log][0m
[0m[1mmodule.compute.data.aws_ami.amazon_linux_2: Read complete after 3s [id=ami-026992d753d5622bc][0m
[0m[1mmodule.storage.data.aws_s3_bucket.terraform_state: Reading...[0m[0m
[0m[1mmodule.storage.aws_s3_bucket.frontend: Refreshing state... [id=dev-starttech-frontend-125168806853][0m
[0m[1mmodule.monitoring.aws_cloudwatch_dashboard.main: Refreshing state... [id=dev-starttech-dashboard][0m
[0m[1mmodule.monitoring.aws_s3_bucket.alb_logs: Refreshing state... [id=dev-starttech-alb-logs-125168806853][0m
[0m[1mmodule.iam.aws_iam_role.github_backend_role: Refreshing state... [id=dev-github-backend-role][0m
[0m[1mmodule.iam.aws_iam_role.github_frontend_role: Refreshing state... [id=dev-github-frontend-role][0m
[0m[1mmodule.storage.data.aws_dynamodb_table.terraform_locks: Read complete after 4s [id=dev-starttech-terraform-locks][0m
[0m[1mmodule.iam.aws_iam_role.github_infra_role: Refreshing state... [id=dev-github-infra-role][0m
[0m[1mmodule.storage.data.aws_s3_bucket.terraform_state: Read complete after 2s [id=dev-starttech-terraform-state-125168806853][0m
[0m[1mmodule.monitoring.aws_sns_topic_policy.alarms: Refreshing state... [id=arn:aws:sns:us-east-1:125168806853:dev-starttech-alarms][0m
[0m[1mmodule.monitoring.aws_cloudwatch_metric_alarm.alb_response_time: Refreshing state... [id=dev-alb-response-time-high][0m
[0m[1mmodule.monitoring.aws_cloudwatch_metric_alarm.alb_unhealthy_hosts: Refreshing state... [id=dev-alb-unhealthy-hosts][0m
[0m[1mmodule.monitoring.aws_cloudwatch_metric_alarm.alb_5xx_errors: Refreshing state... [id=dev-alb-5xx-errors][0m
[0m[1mmodule.compute.aws_iam_role_policy.ec2_ecr: Refreshing state... [id=dev-ec2-role:dev-ec2-ecr-policy][0m
[0m[1mmodule.compute.aws_iam_role_policy_attachment.ec2_ssm: Refreshing state... [id=dev-ec2-role-20260205005730470200000001][0m
[0m[1mmodule.compute.aws_iam_instance_profile.ec2_profile: Refreshing state... [id=dev-ec2-profile][0m
[0m[1mmodule.compute.aws_iam_role_policy.ec2_cloudwatch: Refreshing state... [id=dev-ec2-role:dev-ec2-cloudwatch-policy][0m
[0m[1mmodule.iam.aws_iam_role_policy.github_backend_policy: Refreshing state... [id=dev-github-backend-role:dev-github-backend-policy][0m
[0m[1mmodule.networking.aws_internet_gateway.main: Refreshing state... [id=igw-0622f47a87c997a1b][0m
[0m[1mmodule.networking.aws_security_group.alb: Refreshing state... [id=sg-05c12c43d1b3821b2][0m
[0m[1mmodule.networking.aws_subnet.private[1]: Refreshing state... [id=subnet-0975cfa5d61725e59][0m
[0m[1mmodule.networking.aws_subnet.public[0]: Refreshing state... [id=subnet-0f709627bf46e8961][0m
[0m[1mmodule.networking.aws_subnet.private[0]: Refreshing state... [id=subnet-02aea6cdc34c2dc93][0m
[0m[1mmodule.networking.aws_subnet.public[1]: Refreshing state... [id=subnet-05581473118ad73f8][0m
[0m[1mmodule.compute.aws_lb_target_group.backend: Refreshing state... [id=arn:aws:elasticloadbalancing:us-east-1:125168806853:targetgroup/dev-backend-tg-v2/cf61bc10960a1b69][0m
[0m[1mmodule.networking.aws_route_table.public: Refreshing state... [id=rtb-08bc35d5ba2d9a6d9][0m
[0m[1mmodule.networking.aws_eip.nat[0]: Refreshing state... [id=eipalloc-0ef82f4f3cf6c9a4d][0m
[0m[1mmodule.networking.aws_eip.nat[1]: Refreshing state... [id=eipalloc-020c30bad2a96e5fe][0m
[0m[1mmodule.iam.aws_iam_role_policy.github_infra_policy: Refreshing state... [id=dev-github-infra-role:dev-github-infra-policy][0m
[0m[1mmodule.networking.aws_security_group.ec2: Refreshing state... [id=sg-000310422815620cf][0m
[0m[1mmodule.caching.aws_elasticache_subnet_group.main: Refreshing state... [id=dev-elasticache-subnet-group][0m
[0m[1mmodule.compute.aws_lb.main: Refreshing state... [id=arn:aws:elasticloadbalancing:us-east-1:125168806853:loadbalancer/app/dev-alb-v2/2c875974af0d8d2d][0m
[0m[1mmodule.networking.aws_route_table_association.public[1]: Refreshing state... [id=rtbassoc-0d74355328bbdb768][0m
[0m[1mmodule.networking.aws_route_table_association.public[0]: Refreshing state... [id=rtbassoc-0b2d740a9b3e4f23d][0m
[0m[1mmodule.networking.aws_security_group.elasticache: Refreshing state... [id=sg-0c7a56f4cb7f9c215][0m
[0m[1mmodule.networking.aws_security_group.rds: Refreshing state... [id=sg-0e881afd9cebea279][0m
[0m[1mmodule.networking.aws_nat_gateway.main[1]: Refreshing state... [id=nat-0a90cb26bf70e73da][0m
[0m[1mmodule.networking.aws_nat_gateway.main[0]: Refreshing state... [id=nat-05df250a2523c55ef][0m
[0m[1mmodule.caching.aws_elasticache_cluster.redis: Refreshing state... [id=dev-redis][0m
[0m[1mmodule.networking.aws_route_table.private[0]: Refreshing state... [id=rtb-0dd448b46b8060f7f][0m
[0m[1mmodule.networking.aws_route_table.private[1]: Refreshing state... [id=rtb-0404c9cb3da371839][0m
[0m[1mmodule.storage.aws_s3_bucket_versioning.frontend: Refreshing state... [id=dev-starttech-frontend-125168806853][0m
[0m[1mmodule.storage.aws_s3_bucket_public_access_block.frontend: Refreshing state... [id=dev-starttech-frontend-125168806853][0m
[0m[1mmodule.storage.aws_s3_bucket_policy.frontend: Refreshing state... [id=dev-starttech-frontend-125168806853][0m
[0m[1mmodule.storage.aws_s3_bucket_server_side_encryption_configuration.frontend: Refreshing state... [id=dev-starttech-frontend-125168806853][0m
[0m[1mmodule.networking.aws_route_table_association.private[0]: Refreshing state... [id=rtbassoc-025498bd4c7995717][0m
[0m[1mmodule.networking.aws_route_table_association.private[1]: Refreshing state... [id=rtbassoc-05bd24a3c8d005692][0m
[0m[1mmodule.monitoring.aws_s3_bucket_policy.alb_logs: Refreshing state... [id=dev-starttech-alb-logs-125168806853][0m
[0m[1mmodule.caching.aws_cloudwatch_metric_alarm.redis_memory: Refreshing state... [id=dev-redis-memory-high][0m
[0m[1mmodule.caching.aws_cloudwatch_metric_alarm.redis_evictions: Refreshing state... [id=dev-redis-evictions][0m
[0m[1mmodule.caching.aws_cloudwatch_metric_alarm.redis_cpu: Refreshing state... [id=dev-redis-cpu-high][0m
[0m[1mmodule.compute.aws_launch_template.backend: Refreshing state... [id=lt-084a79380d0238b68][0m
[0m[1mmodule.compute.aws_lb_listener.http: Refreshing state... [id=arn:aws:elasticloadbalancing:us-east-1:125168806853:listener/app/dev-alb-v2/2c875974af0d8d2d/826bb836d05f0d12][0m
[0m[1mmodule.storage.aws_cloudfront_distribution.frontend: Refreshing state... [id=E3BCJGXJSPPBMP][0m
[0m[1mmodule.compute.aws_autoscaling_group.backend: Refreshing state... [id=dev-backend-asg][0m
[0m[1mmodule.iam.aws_iam_role_policy.github_frontend_policy: Refreshing state... [id=dev-github-frontend-role:dev-github-frontend-policy][0m
[0m[1mmodule.compute.aws_autoscaling_policy.scale_up: Refreshing state... [id=dev-scale-up][0m
[0m[1mmodule.compute.aws_autoscaling_policy.scale_down: Refreshing state... [id=dev-scale-down][0m
[0m[1mmodule.compute.aws_cloudwatch_metric_alarm.cpu_high: Refreshing state... [id=dev-backend-cpu-high][0m
[0m[1mmodule.compute.aws_cloudwatch_metric_alarm.cpu_low: Refreshing state... [id=dev-backend-cpu-low][0m

[0m[1m[32mNo changes.[0m[1m Your infrastructure matches the configuration.[0m

[0mTerraform has compared your real infrastructure against your configuration
and found no differences, so no changes are needed.
Releasing state lock. This may take a few moments...
